{"name": "user did not fill some of the checkout form element -- @1.4 ", "status": "failed", "statusDetails": {"message": "AssertionError\n", "trace": "  File \"C:\\Users\\Zahri Hidayat\\.conda\\envs\\Softwar_Testing\\lib\\site-packages\\behave\\model.py\", line 1329, in run\n    match.run(runner.context)\n  File \"C:\\Users\\Zahri Hidayat\\.conda\\envs\\Softwar_Testing\\lib\\site-packages\\behave\\matchers.py\", line 98, in run\n    self.func(context, *args, **kwargs)\n  File \"features\\steps\\checkout_steps.py\", line 38, in step_impl\n    assert error_message == real_error_message\n"}, "steps": [{"name": "Given the user is logged in and has items in the cart", "status": "passed", "start": 1717322897153, "stop": 1717322906372}, {"name": "When the user proceeds to checkout from the cart page", "status": "passed", "start": 1717322906372, "stop": 1717322906430}, {"name": "Then the user should be on the checkout page", "status": "passed", "start": 1717322906430, "stop": 1717322906436}, {"name": "Then the user fill in the form \"name\" with \"\"", "status": "passed", "start": 1717322906436, "stop": 1717322906436}, {"name": "Then the user fill the \"lastName\" with \"Doe\"", "status": "passed", "start": 1717322906436, "stop": 1717322906505}, {"name": "Then The user fill the \"zipcode\" with \"\"", "status": "passed", "start": 1717322906505, "stop": 1717322906505}, {"name": "Then the user clicks on the continue button", "status": "passed", "start": 1717322906506, "stop": 1717322906561}, {"name": "Then the user should see an error message \"Error: First Name and Postal Code is required\"", "status": "failed", "statusDetails": {"message": "AssertionError\n", "trace": "  File \"C:\\Users\\Zahri Hidayat\\.conda\\envs\\Softwar_Testing\\lib\\site-packages\\behave\\model.py\", line 1329, in run\n    match.run(runner.context)\n  File \"C:\\Users\\Zahri Hidayat\\.conda\\envs\\Softwar_Testing\\lib\\site-packages\\behave\\matchers.py\", line 98, in run\n    self.func(context, *args, **kwargs)\n  File \"features\\steps\\checkout_steps.py\", line 38, in step_impl\n    assert error_message == real_error_message\n"}, "start": 1717322906561, "stop": 1717322906583}], "parameters": [{"name": "name"}, {"name": "lastName", "value": "Doe"}, {"name": "zip"}, {"name": "error_message", "value": "Error: First Name and Postal Code is required"}], "start": 1717322897152, "stop": 1717322908675, "uuid": "697a96ac-1665-477b-b563-0c3cfe3f3fee", "historyId": "371840fbabf1fa6f12ceb1c9bf011d37", "fullName": "Checkout Page functionality testing: user did not fill some of the checkout form element", "labels": [{"name": "severity", "value": "normal"}, {"name": "tag", "value": "negative"}, {"name": "feature", "value": "Checkout Page functionality testing"}, {"name": "framework", "value": "behave"}, {"name": "language", "value": "cpython3"}]}