{"name": "user did not fill some of the checkout form element -- @1.1 ", "status": "failed", "statusDetails": {"message": "AssertionError\n", "trace": "  File \"C:\\Users\\Zahri Hidayat\\.conda\\envs\\Softwar_Testing\\lib\\site-packages\\behave\\model.py\", line 1329, in run\n    match.run(runner.context)\n  File \"C:\\Users\\Zahri Hidayat\\.conda\\envs\\Softwar_Testing\\lib\\site-packages\\behave\\matchers.py\", line 98, in run\n    self.func(context, *args, **kwargs)\n  File \"features\\steps\\checkout_steps.py\", line 38, in step_impl\n    assert error_message == real_error_message\n"}, "steps": [{"name": "Given the user is logged in and has items in the cart", "status": "passed", "start": 1717322862275, "stop": 1717322871702}, {"name": "When the user proceeds to checkout from the cart page", "status": "passed", "start": 1717322871702, "stop": 1717322871762}, {"name": "Then the user should be on the checkout page", "status": "passed", "start": 1717322871763, "stop": 1717322871767}, {"name": "Then the user fill in the form \"name\" with \"Jane\"", "status": "passed", "start": 1717322871768, "stop": 1717322871840}, {"name": "Then the user fill the \"lastName\" with \"\"", "status": "passed", "start": 1717322871841, "stop": 1717322871841}, {"name": "Then The user fill the \"zipcode\" with \"\"", "status": "passed", "start": 1717322871841, "stop": 1717322871841}, {"name": "Then the user clicks on the continue button", "status": "passed", "start": 1717322871841, "stop": 1717322871891}, {"name": "Then the user should see an error message \"Error: Last Name and Postal Code is required\"", "status": "failed", "statusDetails": {"message": "AssertionError\n", "trace": "  File \"C:\\Users\\Zahri Hidayat\\.conda\\envs\\Softwar_Testing\\lib\\site-packages\\behave\\model.py\", line 1329, in run\n    match.run(runner.context)\n  File \"C:\\Users\\Zahri Hidayat\\.conda\\envs\\Softwar_Testing\\lib\\site-packages\\behave\\matchers.py\", line 98, in run\n    self.func(context, *args, **kwargs)\n  File \"features\\steps\\checkout_steps.py\", line 38, in step_impl\n    assert error_message == real_error_message\n"}, "start": 1717322871891, "stop": 1717322871913}], "parameters": [{"name": "name", "value": "Jane"}, {"name": "lastName"}, {"name": "zip"}, {"name": "error_message", "value": "Error: Last Name and Postal Code is required"}], "start": 1717322862274, "stop": 1717322873995, "uuid": "ac24a4ca-cef7-4505-ba9a-45e82ef2746d", "historyId": "953aac29bea1eb9b7ff05a90cbd1d076", "fullName": "Checkout Page functionality testing: user did not fill some of the checkout form element", "labels": [{"name": "severity", "value": "normal"}, {"name": "tag", "value": "negative"}, {"name": "feature", "value": "Checkout Page functionality testing"}, {"name": "framework", "value": "behave"}, {"name": "language", "value": "cpython3"}]}