{"name": "user did not fill some of the checkout form element -- @1.7 ", "status": "failed", "statusDetails": {"message": "AssertionError\n", "trace": "  File \"C:\\Users\\Zahri Hidayat\\.conda\\envs\\Softwar_Testing\\lib\\site-packages\\behave\\model.py\", line 1329, in run\n    match.run(runner.context)\n  File \"C:\\Users\\Zahri Hidayat\\.conda\\envs\\Softwar_Testing\\lib\\site-packages\\behave\\matchers.py\", line 98, in run\n    self.func(context, *args, **kwargs)\n  File \"features\\steps\\checkout_steps.py\", line 38, in step_impl\n    assert error_message == real_error_message\n"}, "steps": [{"name": "Given the user is logged in and has items in the cart", "status": "passed", "start": 1717322932789, "stop": 1717322940287}, {"name": "When the user proceeds to checkout from the cart page", "status": "passed", "start": 1717322940287, "stop": 1717322940350}, {"name": "Then the user should be on the checkout page", "status": "passed", "start": 1717322940350, "stop": 1717322940355}, {"name": "Then the user fill in the form \"name\" with \"\"", "status": "passed", "start": 1717322940355, "stop": 1717322940355}, {"name": "Then the user fill the \"lastName\" with \"\"", "status": "passed", "start": 1717322940355, "stop": 1717322940356}, {"name": "Then The user fill the \"zipcode\" with \"12345\"", "status": "passed", "start": 1717322940356, "stop": 1717322940434}, {"name": "Then the user clicks on the continue button", "status": "passed", "start": 1717322940434, "stop": 1717322940482}, {"name": "Then the user should see an error message \"Error: First Name and Last Name is required\"", "status": "failed", "statusDetails": {"message": "AssertionError\n", "trace": "  File \"C:\\Users\\Zahri Hidayat\\.conda\\envs\\Softwar_Testing\\lib\\site-packages\\behave\\model.py\", line 1329, in run\n    match.run(runner.context)\n  File \"C:\\Users\\Zahri Hidayat\\.conda\\envs\\Softwar_Testing\\lib\\site-packages\\behave\\matchers.py\", line 98, in run\n    self.func(context, *args, **kwargs)\n  File \"features\\steps\\checkout_steps.py\", line 38, in step_impl\n    assert error_message == real_error_message\n"}, "start": 1717322940483, "stop": 1717322940504}], "parameters": [{"name": "name"}, {"name": "lastName"}, {"name": "zip", "value": "12345"}, {"name": "error_message", "value": "Error: First Name and Last Name is required"}], "start": 1717322932787, "stop": 1717322942576, "uuid": "c380dc91-370f-48ab-a0b6-ce271198b7c4", "historyId": "a5308a646a45579efcc2bee9bff4339c", "fullName": "Checkout Page functionality testing: user did not fill some of the checkout form element", "labels": [{"name": "severity", "value": "normal"}, {"name": "tag", "value": "negative"}, {"name": "feature", "value": "Checkout Page functionality testing"}, {"name": "framework", "value": "behave"}, {"name": "language", "value": "cpython3"}]}