{"name": "user did not fill some of the checkout form element -- @1.8 ", "status": "failed", "statusDetails": {"message": "AssertionError\n", "trace": "  File \"C:\\Users\\Zahri Hidayat\\.conda\\envs\\Softwar_Testing\\lib\\site-packages\\behave\\model.py\", line 1329, in run\n    match.run(runner.context)\n  File \"C:\\Users\\Zahri Hidayat\\.conda\\envs\\Softwar_Testing\\lib\\site-packages\\behave\\matchers.py\", line 98, in run\n    self.func(context, *args, **kwargs)\n  File \"features\\steps\\checkout_steps.py\", line 38, in step_impl\n    assert error_message == real_error_message\n"}, "steps": [{"name": "Given the user is logged in and has items in the cart", "status": "passed", "start": 1717322942578, "stop": 1717322950123}, {"name": "When the user proceeds to checkout from the cart page", "status": "passed", "start": 1717322950124, "stop": 1717322950182}, {"name": "Then the user should be on the checkout page", "status": "passed", "start": 1717322950182, "stop": 1717322950189}, {"name": "Then the user fill in the form \"name\" with \"\"", "status": "passed", "start": 1717322950189, "stop": 1717322950190}, {"name": "Then the user fill the \"lastName\" with \"\"", "status": "passed", "start": 1717322950190, "stop": 1717322950190}, {"name": "Then The user fill the \"zipcode\" with \"\"", "status": "passed", "start": 1717322950190, "stop": 1717322950190}, {"name": "Then the user clicks on the continue button", "status": "passed", "start": 1717322950190, "stop": 1717322950238}, {"name": "Then the user should see an error message \"Error: Data is required\"", "status": "failed", "statusDetails": {"message": "AssertionError\n", "trace": "  File \"C:\\Users\\Zahri Hidayat\\.conda\\envs\\Softwar_Testing\\lib\\site-packages\\behave\\model.py\", line 1329, in run\n    match.run(runner.context)\n  File \"C:\\Users\\Zahri Hidayat\\.conda\\envs\\Softwar_Testing\\lib\\site-packages\\behave\\matchers.py\", line 98, in run\n    self.func(context, *args, **kwargs)\n  File \"features\\steps\\checkout_steps.py\", line 38, in step_impl\n    assert error_message == real_error_message\n"}, "start": 1717322950238, "stop": 1717322950260}], "parameters": [{"name": "name"}, {"name": "lastName"}, {"name": "zip"}, {"name": "error_message", "value": "Error: Data is required"}], "start": 1717322942577, "stop": 1717322952342, "uuid": "de6c9c53-b8f0-4715-bbc4-a0c913474ce8", "historyId": "b201ffdb92ae975dc2cba495752d6026", "fullName": "Checkout Page functionality testing: user did not fill some of the checkout form element", "labels": [{"name": "severity", "value": "normal"}, {"name": "tag", "value": "negative"}, {"name": "feature", "value": "Checkout Page functionality testing"}, {"name": "framework", "value": "behave"}, {"name": "language", "value": "cpython3"}]}